Environment variables:
  - =C:=C:\Users\Arvind
  - =D:=D:\Softwares\XAMPP\htdocs\code
  - ALLUSERSPROFILE=C:\ProgramData
  - ANDROID_HOME=D:\App\SDK
  - ANDROID_SDK_ROOT=D:\App\SDK
  - APPDATA=C:\Users\Arvind\AppData\Roaming
  - COMPUTERNAME=ARVIND
  - ChocolateyInstall=C:\ProgramData\chocolatey
  - ChocolateyLastPathUpdate=132541533664010517
  - ComSpec=C:\WINDOWS\system32\cmd.exe
  - CommonProgramFiles=C:\Program Files\Common Files
  - CommonProgramFiles(x86)=C:\Program Files (x86)\Common Files
  - CommonProgramW6432=C:\Program Files\Common Files
  - DriverData=C:\Windows\System32\Drivers\DriverData
  - ERROR_CODE=0
  - GOPATH=C:\Users\Arvind\go
  - HOMEDRIVE=C:
  - HOMEPATH=\Users\Arvind
  - INTEL_DEV_REDIST=C:\Program Files (x86)\Common Files\Intel\Shared Libraries\
  - JAVA_EXEC="C:\sonar-scanner-4.6.0.2311-windows\bin\..\jre\bin\java.exe"
  - JAVA_HOME=C:\sonar-scanner-4.6.0.2311-windows\bin\..\jre
  - LOCALAPPDATA=C:\Users\Arvind\AppData\Local
  - LOGONSERVER=\\ARVIND
  - MIC_LD_LIBRARY_PATH=C:\Program Files (x86)\Common Files\Intel\Shared Libraries\compiler\lib\mic
  - NUMBER_OF_PROCESSORS=8
  - OS=Windows_NT
  - OneDrive=C:\Users\Arvind\OneDrive
  - OneDriveConsumer=C:\Users\Arvind\OneDrive
  - PATHEXT=.COM;.EXE;.BAT;.CMD;.VBS;.VBE;.JS;.JSE;.WSF;.WSH;.MSC
  - PROCESSOR_ARCHITECTURE=AMD64
  - PROCESSOR_IDENTIFIER=Intel64 Family 6 Model 158 Stepping 10, GenuineIntel
  - PROCESSOR_LEVEL=6
  - PROCESSOR_REVISION=9e0a
  - PROJECT_HOME=D:\Softwares\XAMPP\htdocs\code
  - PROMPT=$P$G
  - PSModulePath=C:\Program Files\WindowsPowerShell\Modules;C:\WINDOWS\system32\WindowsPowerShell\v1.0\Modules
  - PT7HOME=C:\Program Files\Cisco Packet Tracer 7.2
  - PT8HOME=C:\Program Files (x86)\Cisco Packet Tracer 8.0
  - PUBLIC=C:\Users\Public
  - Path=C:\Program Files (x86)\Common Files\Oracle\Java\javapath;C:\Program Files (x86)\Common Files\Intel\Shared Libraries\redist\intel64\compiler;C:\Python27\;C:\Python27\Scripts;C:\Program Files (x86)\Intel\Intel(R) Management Engine Components\iCLS\;C:\Program Files\Intel\Intel(R) Management Engine Components\iCLS\;C:\Windows\system32;C:\Windows;C:\Windows\System32\Wbem;C:\Windows\System32\WindowsPowerShell\v1.0\;C:\Windows\System32\OpenSSH\;C:\Program Files (x86)\Intel\Intel(R) Management Engine Components\DAL;C:\Program Files\Intel\Intel(R) Management Engine Components\DAL;C:\Program Files (x86)\NVIDIA Corporation\PhysX\Common;C:\Program Files\Intel\WiFi\bin\;C:\Program Files\Common Files\Intel\WirelessCommon\;C:\Program Files\NVIDIA Corporation\NVIDIA NvDLISR;C:\Program Files\Java\jdk-12.0.1\bin;C:\WINDOWS\system32;C:\WINDOWS;C:\WINDOWS\System32\Wbem;C:\WINDOWS\System32\WindowsPowerShell\v1.0\;C:\WINDOWS\System32\OpenSSH\;D:\node\;C:\ProgramData\chocolatey\bin;C:\Users\Arvind\Anaconda3;C:\Users\Arvind\Anaconda3\Scripts;C:\Program Files\dotnet\;C:\Go\bin;C:\Program Files\Git\cmd;C:\sonar-scanner-4.6.0.2311-windows\bin;C:\Program Files\MySQL\MySQL Shell 8.0\bin\;C:\Program Files\Java\jdk-12.0.1\bin;C:\Users\Arvind\AppData\Local\Programs\Python\Python37\Scripts\;C:\Users\Arvind\AppData\Local\Programs\Python\Python37\;C:\Users\Arvind\AppData\Local\Microsoft\WindowsApps;C:\Users\Arvind\AppData\Local\Programs\Microsoft VS Code\bin;C:\Program Files\JetBrains\PyCharm Community Edition 2019.1.3\bin;%IntelliJ IDEA Community Edition%;C:\Users\Arvind\AppData\Roaming\npm;C:\Users\Arvind\go\bin;D:\App\flutter\bin;D:\App\SDK\platform-tools;C:\Users\Arvind\AppData\Local\Programs\Fiddler;C:\Users\Arvind\AppData\Local\GitHubDesktop\bin
  - ProgramData=C:\ProgramData
  - ProgramFiles=C:\Program Files
  - ProgramFiles(x86)=C:\Program Files (x86)
  - ProgramW6432=C:\Program Files
  - PyCharm Community Edition=C:\Program Files\JetBrains\PyCharm Community Edition 2019.1.3\bin;
  - QT_DEVICE_PIXEL_RATIO=auto
  - SESSIONNAME=Console
  - SONAR_SCANNER_HOME=C:\sonar-scanner-4.6.0.2311-windows\bin\..
  - SystemDrive=C:
  - SystemRoot=C:\WINDOWS
  - TEMP=C:\Users\Arvind\AppData\Local\Temp
  - TMP=C:\Users\Arvind\AppData\Local\Temp
  - USERDOMAIN=ARVIND
  - USERDOMAIN_ROAMINGPROFILE=ARVIND
  - USERNAME=Arvind
  - USERPROFILE=C:\Users\Arvind
  - scriptdir=C:\sonar-scanner-4.6.0.2311-windows\bin
  - use_embedded_jre=true
  - windir=C:\WINDOWS
System properties:
  - awt.toolkit=sun.awt.windows.WToolkit
  - file.encoding=Cp1252
  - file.separator=\
  - java.awt.graphicsenv=sun.awt.Win32GraphicsEnvironment
  - java.awt.headless=true
  - java.awt.printerjob=sun.awt.windows.WPrinterJob
  - java.class.path=C:\sonar-scanner-4.6.0.2311-windows\bin\..\lib\sonar-scanner-cli-4.6.0.2311.jar
  - java.class.version=55.0
  - java.home=C:\sonar-scanner-4.6.0.2311-windows\jre
  - java.io.tmpdir=C:\Users\Arvind\AppData\Local\Temp\
  - java.library.path=C:\sonar-scanner-4.6.0.2311-windows\jre\bin;C:\WINDOWS\Sun\Java\bin;C:\WINDOWS\system32;C:\WINDOWS;C:\Program Files (x86)\Common Files\Oracle\Java\javapath;C:\Program Files (x86)\Common Files\Intel\Shared Libraries\redist\intel64\compiler;C:\Python27\;C:\Python27\Scripts;C:\Program Files (x86)\Intel\Intel(R) Management Engine Components\iCLS\;C:\Program Files\Intel\Intel(R) Management Engine Components\iCLS\;C:\Windows\system32;C:\Windows;C:\Windows\System32\Wbem;C:\Windows\System32\WindowsPowerShell\v1.0\;C:\Windows\System32\OpenSSH\;C:\Program Files (x86)\Intel\Intel(R) Management Engine Components\DAL;C:\Program Files\Intel\Intel(R) Management Engine Components\DAL;C:\Program Files (x86)\NVIDIA Corporation\PhysX\Common;C:\Program Files\Intel\WiFi\bin\;C:\Program Files\Common Files\Intel\WirelessCommon\;C:\Program Files\NVIDIA Corporation\NVIDIA NvDLISR;C:\Program Files\Java\jdk-12.0.1\bin;C:\WINDOWS\system32;C:\WINDOWS;C:\WINDOWS\System32\Wbem;C:\WINDOWS\System32\WindowsPowerShell\v1.0\;C:\WINDOWS\System32\OpenSSH\;D:\node\;C:\ProgramData\chocolatey\bin;C:\Users\Arvind\Anaconda3;C:\Users\Arvind\Anaconda3\Scripts;C:\Program Files\dotnet\;C:\Go\bin;C:\Program Files\Git\cmd;C:\sonar-scanner-4.6.0.2311-windows\bin;C:\Program Files\MySQL\MySQL Shell 8.0\bin\;C:\Program Files\Java\jdk-12.0.1\bin;C:\Users\Arvind\AppData\Local\Programs\Python\Python37\Scripts\;C:\Users\Arvind\AppData\Local\Programs\Python\Python37\;C:\Users\Arvind\AppData\Local\Microsoft\WindowsApps;C:\Users\Arvind\AppData\Local\Programs\Microsoft VS Code\bin;C:\Program Files\JetBrains\PyCharm Community Edition 2019.1.3\bin;%IntelliJ IDEA Community Edition%;C:\Users\Arvind\AppData\Roaming\npm;C:\Users\Arvind\go\bin;D:\App\flutter\bin;D:\App\SDK\platform-tools;C:\Users\Arvind\AppData\Local\Programs\Fiddler;C:\Users\Arvind\AppData\Local\GitHubDesktop\bin;.
  - java.runtime.name=OpenJDK Runtime Environment
  - java.runtime.version=11.0.3+7
  - java.specification.name=Java Platform API Specification
  - java.specification.vendor=Oracle Corporation
  - java.specification.version=11
  - java.vendor=AdoptOpenJDK
  - java.vendor.url=https://adoptopenjdk.net/
  - java.vendor.url.bug=https://github.com/AdoptOpenJDK/openjdk-build/issues
  - java.vendor.version=AdoptOpenJDK
  - java.version=11.0.3
  - java.version.date=2019-04-16
  - java.vm.compressedOopsMode=32-bit
  - java.vm.info=mixed mode
  - java.vm.name=OpenJDK 64-Bit Server VM
  - java.vm.specification.name=Java Virtual Machine Specification
  - java.vm.specification.vendor=Oracle Corporation
  - java.vm.specification.version=11
  - java.vm.vendor=AdoptOpenJDK
  - java.vm.version=11.0.3+7
  - jdk.debug=release
  - line.separator=

  - os.arch=amd64
  - os.name=Windows 10
  - os.version=10.0
  - path.separator=;
  - project.home=D:\Softwares\XAMPP\htdocs\code
  - scanner.home=C:\sonar-scanner-4.6.0.2311-windows\bin\..
  - sun.arch.data.model=64
  - sun.boot.library.path=C:\sonar-scanner-4.6.0.2311-windows\jre\bin
  - sun.cpu.endian=little
  - sun.cpu.isalist=amd64
  - sun.desktop=windows
  - sun.io.unicode.encoding=UnicodeLittle
  - sun.java.command=org.sonarsource.scanner.cli.Main -Dsonar.projectKey=test -Dsonar.sources=. -Dsonar.host.url=http://localhost:9000 -Dsonar.login=054ee27abbf165d981b4b14f8618fa6f65aa87ed -X
  - sun.java.launcher=SUN_STANDARD
  - sun.jnu.encoding=Cp1252
  - sun.management.compiler=HotSpot 64-Bit Tiered Compilers
  - sun.os.patch.level=
  - sun.stderr.encoding=cp437
  - sun.stdout.encoding=cp437
  - user.country=IN
  - user.dir=D:\Softwares\XAMPP\htdocs\code
  - user.home=C:\Users\Arvind
  - user.language=en
  - user.name=Arvind
  - user.script=
  - user.timezone=Asia/Calcutta
  - user.variant=
SonarQube plugins:
  - SonarC# 6.5.0.3766 (csharp)
  - SonarPython 1.8.0.1496 (python)
  - SonarJava 4.15.0.12310 (java)
  - Flex 2.3 (flex)
  - SonarQube :: Plugins :: SCM :: Git 1.3.0.869 (scmgit)
  - SonarXML 1.4.3.1027 (xml)
  - SonarPHP 2.11.0.2485 (php)
  - SonarTS 1.1.0.1079 (typescript)
  - SonarQube :: Plugins :: SCM :: SVN 1.6.0.860 (scmsvn)
  - SonarJS 3.2.0.5506 (javascript)
Global properties:
  - sonar.core.id=BF41A1F2-AXihA-pvkT2NimudDaPt
  - sonar.core.startTime=2021-04-05T13:21:30+0530
Settings for module: test
  - sonar.host.url=http://localhost:9000
  - sonar.login=******
  - sonar.projectBaseDir=D:\Softwares\XAMPP\htdocs\code
  - sonar.projectKey=test
  - sonar.scanner.app=ScannerCLI
  - sonar.scanner.appVersion=4.6.0.2311
  - sonar.sourceEncoding=windows-1252
  - sonar.sources=.
  - sonar.verbose=true
  - sonar.working.directory=D:\Softwares\XAMPP\htdocs\code\.scannerwork
